<?xml version="1.0" encoding="UTF-8"?>
<testng-results ignored="0" total="1" passed="1" failed="0" skipped="0">
  <reporter-output>
  </reporter-output>
  <suite started-at="2025-08-09T11:48:00 IST" name="Default suite" finished-at="2025-08-09T11:48:05 IST" duration-ms="5170">
    <groups>
    </groups>
    <test started-at="2025-08-09T11:48:00 IST" name="Default test" finished-at="2025-08-09T11:48:05 IST" duration-ms="5170">
      <class name="org.testngProject.AdactinMain">
        <test-method is-config="true" signature="browserInit()[pri:0, instance:org.testngProject.AdactinMain@4d1bf319]" started-at="2025-08-09T11:48:00 IST" name="browserInit" finished-at="2025-08-09T11:48:05 IST" duration-ms="5064" status="PASS">
          <reporter-output>
          </reporter-output>
        </test-method> <!-- browserInit -->
        <test-method signature="test()[pri:0, instance:org.testngProject.AdactinMain@4d1bf319]" started-at="2025-08-09T11:48:05 IST" name="test" finished-at="2025-08-09T11:48:05 IST" duration-ms="12" status="PASS">
          <reporter-output>
          </reporter-output>
        </test-method> <!-- test -->
      </class> <!-- org.testngProject.AdactinMain -->
    </test> <!-- Default test -->
  </suite> <!-- Default suite -->
</testng-results>
